<?xml version="1.0" encoding="UTF-8"?>
<robot generator="Robot 6.0 (Python 3.10.5 on linux)" generated="20221104 08:22:48.575" rpa="false" schemaversion="3">
<suite id="s1" name="Src" source="/src">
<suite id="s1-s1" name="Login Tests" source="/src/login_tests">
<suite id="s1-s1-s1" name="Gherkin Login" source="/src/login_tests/gherkin_login.robot">
<test id="s1-s1-s1-t1" name="Valid Login" line="10">
<kw name="Given browser is opened to login page">
<kw name="Open Browser To Login Page" library="resource">
<kw name="Start Virtual Display" library="XvfbRobot">
<arg>1920</arg>
<arg>1080</arg>
<doc>Starts virtual display which will be
 destroyed after test execution will be end</doc>
<msg timestamp="20221104 08:22:49.967" level="INFO">Using virtual display: '1920x1080x24'</msg>
<status status="PASS" starttime="20221104 08:22:49.965" endtime="20221104 08:22:50.080"/>
</kw>
<kw name="Wait Until Keyword Succeeds" library="BuiltIn">
<arg>3</arg>
<arg>2</arg>
<arg>Open Browser</arg>
<arg>${LOGIN URL}</arg>
<arg>${BROWSER}</arg>
<doc>Runs the specified keyword and retries if it fails.</doc>
<kw name="Open Browser" library="SeleniumLibrary">
<arg>${LOGIN URL}</arg>
<arg>${BROWSER}</arg>
<doc>Opens a new browser instance to the optional ``url``.</doc>
<msg timestamp="20221104 08:22:50.091" level="INFO">Opening browser 'Firefox' to base url 'http://localhost:7272/'.</msg>
<msg timestamp="20221104 08:22:50.134" level="INFO">Firefox driver log is always forced to to: /output/geckodriver-125.log</msg>
<status status="PASS" starttime="20221104 08:22:50.086" endtime="20221104 08:23:08.960"/>
</kw>
<status status="PASS" starttime="20221104 08:22:50.082" endtime="20221104 08:23:08.960"/>
</kw>
<kw name="Maximize Browser Window" library="SeleniumLibrary">
<doc>Maximizes current browser window.</doc>
<status status="PASS" starttime="20221104 08:23:08.961" endtime="20221104 08:23:14.066"/>
</kw>
<kw name="Capture Page Screenshot" library="SeleniumLibrary">
<doc>Takes a screenshot of the current page and embeds it into a log file.</doc>
<msg timestamp="20221104 08:23:14.338" level="INFO" html="true">&lt;/td&gt;&lt;/tr&gt;&lt;tr&gt;&lt;td colspan="3"&gt;&lt;a href="selenium-screenshot-22.png"&gt;&lt;img src="selenium-screenshot-22.png" width="800px"&gt;&lt;/a&gt;</msg>
<status status="PASS" starttime="20221104 08:23:14.068" endtime="20221104 08:23:14.339"/>
</kw>
<kw name="Login Page Should Be Open" library="resource">
<kw name="Title Should Be" library="SeleniumLibrary">
<arg>Login Page</arg>
<doc>Verifies that the current page title equals ``title``.</doc>
<msg timestamp="20221104 08:23:14.354" level="INFO">Page title is 'Login Page'.</msg>
<status status="PASS" starttime="20221104 08:23:14.342" endtime="20221104 08:23:14.354"/>
</kw>
<status status="PASS" starttime="20221104 08:23:14.340" endtime="20221104 08:23:14.355"/>
</kw>
<status status="PASS" starttime="20221104 08:22:49.963" endtime="20221104 08:23:14.356"/>
</kw>
<status status="PASS" starttime="20221104 08:22:49.961" endtime="20221104 08:23:14.357"/>
</kw>
<kw name="When user &quot;demo&quot; logs in with password &quot;mode&quot;" sourcename="User &quot;${username}&quot; logs in with password &quot;${password}&quot;">
<kw name="Input Username" library="resource">
<arg>${username}</arg>
<kw name="Input Text" library="SeleniumLibrary">
<arg>username_field</arg>
<arg>${username}</arg>
<doc>Types the given ``text`` into the text field identified by ``locator``.</doc>
<msg timestamp="20221104 08:23:14.369" level="INFO">Typing text 'demo' into text field 'username_field'.</msg>
<status status="PASS" starttime="20221104 08:23:14.364" endtime="20221104 08:23:14.804"/>
</kw>
<status status="PASS" starttime="20221104 08:23:14.361" endtime="20221104 08:23:14.805"/>
</kw>
<kw name="Input Password" library="resource">
<arg>${password}</arg>
<kw name="Input Text" library="SeleniumLibrary">
<arg>password_field</arg>
<arg>${password}</arg>
<doc>Types the given ``text`` into the text field identified by ``locator``.</doc>
<msg timestamp="20221104 08:23:14.814" level="INFO">Typing text 'mode' into text field 'password_field'.</msg>
<status status="PASS" starttime="20221104 08:23:14.809" endtime="20221104 08:23:14.937"/>
</kw>
<status status="PASS" starttime="20221104 08:23:14.806" endtime="20221104 08:23:14.938"/>
</kw>
<kw name="Submit Credentials" library="resource">
<kw name="Click Button" library="SeleniumLibrary">
<arg>login_button</arg>
<doc>Clicks the button identified by ``locator``.</doc>
<msg timestamp="20221104 08:23:14.945" level="INFO">Clicking button 'login_button'.</msg>
<status status="PASS" starttime="20221104 08:23:14.941" endtime="20221104 08:23:15.437"/>
</kw>
<status status="PASS" starttime="20221104 08:23:14.939" endtime="20221104 08:23:15.439"/>
</kw>
<status status="PASS" starttime="20221104 08:23:14.359" endtime="20221104 08:23:15.440"/>
</kw>
<kw name="Then welcome page should be open" library="resource">
<kw name="Location Should Be" library="SeleniumLibrary">
<arg>${WELCOME URL}</arg>
<doc>Verifies that the current URL is exactly ``url``.</doc>
<msg timestamp="20221104 08:23:15.477" level="INFO">Current location is 'http://localhost:7272/welcome.html'.</msg>
<status status="PASS" starttime="20221104 08:23:15.445" endtime="20221104 08:23:15.478"/>
</kw>
<kw name="Title Should Be" library="SeleniumLibrary">
<arg>Welcome Page</arg>
<doc>Verifies that the current page title equals ``title``.</doc>
<msg timestamp="20221104 08:23:15.492" level="INFO">Page title is 'Welcome Page'.</msg>
<status status="PASS" starttime="20221104 08:23:15.479" endtime="20221104 08:23:15.493"/>
</kw>
<status status="PASS" starttime="20221104 08:23:15.443" endtime="20221104 08:23:15.494"/>
</kw>
<kw name="Close Browser Window" type="TEARDOWN">
<msg timestamp="20221104 08:23:15.543" level="FAIL">No keyword with name 'Close Browser Window' found. Did you try using keyword 'SeleniumLibrary.Close Browser' and forgot to use enough whitespace between keyword and arguments?</msg>
<status status="FAIL" starttime="20221104 08:23:15.543" endtime="20221104 08:23:15.544">No keyword with name 'Close Browser Window' found. Did you try using keyword 'SeleniumLibrary.Close Browser' and forgot to use enough whitespace between keyword and arguments?</status>
</kw>
<status status="FAIL" starttime="20221104 08:22:49.956" endtime="20221104 08:23:15.546">Teardown failed:
No keyword with name 'Close Browser Window' found. Did you try using keyword 'SeleniumLibrary.Close Browser' and forgot to use enough whitespace between keyword and arguments?</status>
</test>
<doc>A test suite with a single Gherkin style test.

This test is functionally identical to the example in
valid_login.robot file.</doc>
<status status="FAIL" starttime="20221104 08:22:48.756" endtime="20221104 08:23:15.556"/>
</suite>
<suite id="s1-s1-s2" name="Invalid Login" source="/src/login_tests/invalid_login.robot">
<kw name="Open Browser To Login Page" library="resource" type="SETUP">
<kw name="Start Virtual Display" library="XvfbRobot">
<arg>1920</arg>
<arg>1080</arg>
<doc>Starts virtual display which will be
 destroyed after test execution will be end</doc>
<status status="PASS" starttime="20221104 08:23:15.614" endtime="20221104 08:23:15.616"/>
</kw>
<kw name="Wait Until Keyword Succeeds" library="BuiltIn">
<arg>3</arg>
<arg>2</arg>
<arg>Open Browser</arg>
<arg>${LOGIN URL}</arg>
<arg>${BROWSER}</arg>
<doc>Runs the specified keyword and retries if it fails.</doc>
<kw name="Open Browser" library="SeleniumLibrary">
<arg>${LOGIN URL}</arg>
<arg>${BROWSER}</arg>
<doc>Opens a new browser instance to the optional ``url``.</doc>
<msg timestamp="20221104 08:23:15.626" level="INFO">Opening browser 'Firefox' to base url 'http://localhost:7272/'.</msg>
<msg timestamp="20221104 08:23:15.639" level="INFO">Firefox driver log is always forced to to: /output/geckodriver-126.log</msg>
<status status="PASS" starttime="20221104 08:23:15.620" endtime="20221104 08:23:34.428"/>
</kw>
<status status="PASS" starttime="20221104 08:23:15.617" endtime="20221104 08:23:34.429"/>
</kw>
<kw name="Maximize Browser Window" library="SeleniumLibrary">
<doc>Maximizes current browser window.</doc>
<status status="PASS" starttime="20221104 08:23:34.430" endtime="20221104 08:23:39.527"/>
</kw>
<kw name="Capture Page Screenshot" library="SeleniumLibrary">
<doc>Takes a screenshot of the current page and embeds it into a log file.</doc>
<msg timestamp="20221104 08:23:39.782" level="INFO" html="true">&lt;/td&gt;&lt;/tr&gt;&lt;tr&gt;&lt;td colspan="3"&gt;&lt;a href="selenium-screenshot-23.png"&gt;&lt;img src="selenium-screenshot-23.png" width="800px"&gt;&lt;/a&gt;</msg>
<status status="PASS" starttime="20221104 08:23:39.533" endtime="20221104 08:23:39.782"/>
</kw>
<kw name="Login Page Should Be Open" library="resource">
<kw name="Title Should Be" library="SeleniumLibrary">
<arg>Login Page</arg>
<doc>Verifies that the current page title equals ``title``.</doc>
<msg timestamp="20221104 08:23:39.796" level="INFO">Page title is 'Login Page'.</msg>
<status status="PASS" starttime="20221104 08:23:39.785" endtime="20221104 08:23:39.796"/>
</kw>
<status status="PASS" starttime="20221104 08:23:39.783" endtime="20221104 08:23:39.797"/>
</kw>
<status status="PASS" starttime="20221104 08:23:15.613" endtime="20221104 08:23:39.798"/>
</kw>
<test id="s1-s1-s2-t1" name="Invalid Username" line="17">
<kw name="Go To Login Page" library="resource" type="SETUP">
<kw name="Go To" library="SeleniumLibrary">
<arg>${LOGIN URL}</arg>
<doc>Navigates the current browser window to the provided ``url``.</doc>
<msg timestamp="20221104 08:23:39.806" level="INFO">Opening url 'http://localhost:7272/'</msg>
<status status="PASS" starttime="20221104 08:23:39.805" endtime="20221104 08:23:40.105"/>
</kw>
<kw name="Login Page Should Be Open" library="resource">
<kw name="Title Should Be" library="SeleniumLibrary">
<arg>Login Page</arg>
<doc>Verifies that the current page title equals ``title``.</doc>
<msg timestamp="20221104 08:23:40.122" level="INFO">Page title is 'Login Page'.</msg>
<status status="PASS" starttime="20221104 08:23:40.109" endtime="20221104 08:23:40.123"/>
</kw>
<status status="PASS" starttime="20221104 08:23:40.106" endtime="20221104 08:23:40.124"/>
</kw>
<status status="PASS" starttime="20221104 08:23:39.802" endtime="20221104 08:23:40.125"/>
</kw>
<kw name="Login With Invalid Credentials Should Fail">
<arg>invalid</arg>
<arg>${VALID PASSWORD}</arg>
<kw name="Input Username" library="resource">
<arg>${username}</arg>
<kw name="Input Text" library="SeleniumLibrary">
<arg>username_field</arg>
<arg>${username}</arg>
<doc>Types the given ``text`` into the text field identified by ``locator``.</doc>
<msg timestamp="20221104 08:23:40.139" level="INFO">Typing text 'invalid' into text field 'username_field'.</msg>
<status status="PASS" starttime="20221104 08:23:40.132" endtime="20221104 08:23:40.610"/>
</kw>
<status status="PASS" starttime="20221104 08:23:40.130" endtime="20221104 08:23:40.612"/>
</kw>
<kw name="Input Password" library="resource">
<arg>${password}</arg>
<kw name="Input Text" library="SeleniumLibrary">
<arg>password_field</arg>
<arg>${password}</arg>
<doc>Types the given ``text`` into the text field identified by ``locator``.</doc>
<msg timestamp="20221104 08:23:40.620" level="INFO">Typing text 'mode' into text field 'password_field'.</msg>
<status status="PASS" starttime="20221104 08:23:40.615" endtime="20221104 08:23:40.734"/>
</kw>
<status status="PASS" starttime="20221104 08:23:40.612" endtime="20221104 08:23:40.735"/>
</kw>
<kw name="Submit Credentials" library="resource">
<kw name="Click Button" library="SeleniumLibrary">
<arg>login_button</arg>
<doc>Clicks the button identified by ``locator``.</doc>
<msg timestamp="20221104 08:23:40.741" level="INFO">Clicking button 'login_button'.</msg>
<status status="PASS" starttime="20221104 08:23:40.737" endtime="20221104 08:23:41.161"/>
</kw>
<status status="PASS" starttime="20221104 08:23:40.736" endtime="20221104 08:23:41.163"/>
</kw>
<kw name="Login Should Have Failed">
<kw name="Location Should Be" library="SeleniumLibrary">
<arg>${ERROR URL}</arg>
<doc>Verifies that the current URL is exactly ``url``.</doc>
<msg timestamp="20221104 08:23:41.179" level="INFO">Current location is 'http://localhost:7272/error.html'.</msg>
<status status="PASS" starttime="20221104 08:23:41.166" endtime="20221104 08:23:41.179"/>
</kw>
<kw name="Title Should Be" library="SeleniumLibrary">
<arg>Error Page</arg>
<doc>Verifies that the current page title equals ``title``.</doc>
<msg timestamp="20221104 08:23:41.203" level="INFO">Page title is 'Error Page'.</msg>
<status status="PASS" starttime="20221104 08:23:41.180" endtime="20221104 08:23:41.203"/>
</kw>
<status status="PASS" starttime="20221104 08:23:41.163" endtime="20221104 08:23:41.204"/>
</kw>
<status status="PASS" starttime="20221104 08:23:40.126" endtime="20221104 08:23:41.206"/>
</kw>
<status status="PASS" starttime="20221104 08:23:39.799" endtime="20221104 08:23:41.207"/>
</test>
<test id="s1-s1-s2-t2" name="Invalid Password" line="18">
<kw name="Go To Login Page" library="resource" type="SETUP">
<kw name="Go To" library="SeleniumLibrary">
<arg>${LOGIN URL}</arg>
<doc>Navigates the current browser window to the provided ``url``.</doc>
<msg timestamp="20221104 08:23:41.217" level="INFO">Opening url 'http://localhost:7272/'</msg>
<status status="PASS" starttime="20221104 08:23:41.216" endtime="20221104 08:23:41.382"/>
</kw>
<kw name="Login Page Should Be Open" library="resource">
<kw name="Title Should Be" library="SeleniumLibrary">
<arg>Login Page</arg>
<doc>Verifies that the current page title equals ``title``.</doc>
<msg timestamp="20221104 08:23:41.403" level="INFO">Page title is 'Login Page'.</msg>
<status status="PASS" starttime="20221104 08:23:41.385" endtime="20221104 08:23:41.404"/>
</kw>
<status status="PASS" starttime="20221104 08:23:41.383" endtime="20221104 08:23:41.405"/>
</kw>
<status status="PASS" starttime="20221104 08:23:41.214" endtime="20221104 08:23:41.406"/>
</kw>
<kw name="Login With Invalid Credentials Should Fail">
<arg>${VALID USER}</arg>
<arg>invalid</arg>
<kw name="Input Username" library="resource">
<arg>${username}</arg>
<kw name="Input Text" library="SeleniumLibrary">
<arg>username_field</arg>
<arg>${username}</arg>
<doc>Types the given ``text`` into the text field identified by ``locator``.</doc>
<msg timestamp="20221104 08:23:41.422" level="INFO">Typing text 'demo' into text field 'username_field'.</msg>
<status status="PASS" starttime="20221104 08:23:41.416" endtime="20221104 08:23:41.535"/>
</kw>
<status status="PASS" starttime="20221104 08:23:41.413" endtime="20221104 08:23:41.536"/>
</kw>
<kw name="Input Password" library="resource">
<arg>${password}</arg>
<kw name="Input Text" library="SeleniumLibrary">
<arg>password_field</arg>
<arg>${password}</arg>
<doc>Types the given ``text`` into the text field identified by ``locator``.</doc>
<msg timestamp="20221104 08:23:41.545" level="INFO">Typing text 'invalid' into text field 'password_field'.</msg>
<status status="PASS" starttime="20221104 08:23:41.540" endtime="20221104 08:23:41.625"/>
</kw>
<status status="PASS" starttime="20221104 08:23:41.537" endtime="20221104 08:23:41.626"/>
</kw>
<kw name="Submit Credentials" library="resource">
<kw name="Click Button" library="SeleniumLibrary">
<arg>login_button</arg>
<doc>Clicks the button identified by ``locator``.</doc>
<msg timestamp="20221104 08:23:41.633" level="INFO">Clicking button 'login_button'.</msg>
<status status="PASS" starttime="20221104 08:23:41.629" endtime="20221104 08:23:41.861"/>
</kw>
<status status="PASS" starttime="20221104 08:23:41.627" endtime="20221104 08:23:41.862"/>
</kw>
<kw name="Login Should Have Failed">
<kw name="Location Should Be" library="SeleniumLibrary">
<arg>${ERROR URL}</arg>
<doc>Verifies that the current URL is exactly ``url``.</doc>
<msg timestamp="20221104 08:23:41.898" level="INFO">Current location is 'http://localhost:7272/error.html'.</msg>
<status status="PASS" starttime="20221104 08:23:41.868" endtime="20221104 08:23:41.899"/>
</kw>
<kw name="Title Should Be" library="SeleniumLibrary">
<arg>Error Page</arg>
<doc>Verifies that the current page title equals ``title``.</doc>
<msg timestamp="20221104 08:23:41.911" level="INFO">Page title is 'Error Page'.</msg>
<status status="PASS" starttime="20221104 08:23:41.899" endtime="20221104 08:23:41.912"/>
</kw>
<status status="PASS" starttime="20221104 08:23:41.863" endtime="20221104 08:23:41.915"/>
</kw>
<status status="PASS" starttime="20221104 08:23:41.407" endtime="20221104 08:23:41.917"/>
</kw>
<status status="PASS" starttime="20221104 08:23:41.210" endtime="20221104 08:23:41.918"/>
</test>
<test id="s1-s1-s2-t3" name="Invalid Username And Password" line="19">
<kw name="Go To Login Page" library="resource" type="SETUP">
<kw name="Go To" library="SeleniumLibrary">
<arg>${LOGIN URL}</arg>
<doc>Navigates the current browser window to the provided ``url``.</doc>
<msg timestamp="20221104 08:23:41.929" level="INFO">Opening url 'http://localhost:7272/'</msg>
<status status="PASS" starttime="20221104 08:23:41.927" endtime="20221104 08:23:42.083"/>
</kw>
<kw name="Login Page Should Be Open" library="resource">
<kw name="Title Should Be" library="SeleniumLibrary">
<arg>Login Page</arg>
<doc>Verifies that the current page title equals ``title``.</doc>
<msg timestamp="20221104 08:23:42.095" level="INFO">Page title is 'Login Page'.</msg>
<status status="PASS" starttime="20221104 08:23:42.086" endtime="20221104 08:23:42.096"/>
</kw>
<status status="PASS" starttime="20221104 08:23:42.083" endtime="20221104 08:23:42.097"/>
</kw>
<status status="PASS" starttime="20221104 08:23:41.925" endtime="20221104 08:23:42.098"/>
</kw>
<kw name="Login With Invalid Credentials Should Fail">
<arg>invalid</arg>
<arg>whatever</arg>
<kw name="Input Username" library="resource">
<arg>${username}</arg>
<kw name="Input Text" library="SeleniumLibrary">
<arg>username_field</arg>
<arg>${username}</arg>
<doc>Types the given ``text`` into the text field identified by ``locator``.</doc>
<msg timestamp="20221104 08:23:42.112" level="INFO">Typing text 'invalid' into text field 'username_field'.</msg>
<status status="PASS" starttime="20221104 08:23:42.107" endtime="20221104 08:23:42.215"/>
</kw>
<status status="PASS" starttime="20221104 08:23:42.102" endtime="20221104 08:23:42.216"/>
</kw>
<kw name="Input Password" library="resource">
<arg>${password}</arg>
<kw name="Input Text" library="SeleniumLibrary">
<arg>password_field</arg>
<arg>${password}</arg>
<doc>Types the given ``text`` into the text field identified by ``locator``.</doc>
<msg timestamp="20221104 08:23:42.224" level="INFO">Typing text 'whatever' into text field 'password_field'.</msg>
<status status="PASS" starttime="20221104 08:23:42.219" endtime="20221104 08:23:43.212"/>
</kw>
<status status="PASS" starttime="20221104 08:23:42.216" endtime="20221104 08:23:43.214"/>
</kw>
<kw name="Submit Credentials" library="resource">
<kw name="Click Button" library="SeleniumLibrary">
<arg>login_button</arg>
<doc>Clicks the button identified by ``locator``.</doc>
<msg timestamp="20221104 08:23:43.221" level="INFO">Clicking button 'login_button'.</msg>
<status status="PASS" starttime="20221104 08:23:43.217" endtime="20221104 08:23:44.037"/>
</kw>
<status status="PASS" starttime="20221104 08:23:43.214" endtime="20221104 08:23:44.039"/>
</kw>
<kw name="Login Should Have Failed">
<kw name="Location Should Be" library="SeleniumLibrary">
<arg>${ERROR URL}</arg>
<doc>Verifies that the current URL is exactly ``url``.</doc>
<msg timestamp="20221104 08:23:44.058" level="INFO">Current location is 'http://localhost:7272/error.html'.</msg>
<status status="PASS" starttime="20221104 08:23:44.045" endtime="20221104 08:23:44.058"/>
</kw>
<kw name="Title Should Be" library="SeleniumLibrary">
<arg>Error Page</arg>
<doc>Verifies that the current page title equals ``title``.</doc>
<msg timestamp="20221104 08:23:44.075" level="INFO">Page title is 'Error Page'.</msg>
<status status="PASS" starttime="20221104 08:23:44.059" endtime="20221104 08:23:44.076"/>
</kw>
<status status="PASS" starttime="20221104 08:23:44.039" endtime="20221104 08:23:44.077"/>
</kw>
<status status="PASS" starttime="20221104 08:23:42.099" endtime="20221104 08:23:44.078"/>
</kw>
<status status="PASS" starttime="20221104 08:23:41.922" endtime="20221104 08:23:44.080"/>
</test>
<test id="s1-s1-s2-t4" name="Empty Username" line="20">
<kw name="Go To Login Page" library="resource" type="SETUP">
<kw name="Go To" library="SeleniumLibrary">
<arg>${LOGIN URL}</arg>
<doc>Navigates the current browser window to the provided ``url``.</doc>
<msg timestamp="20221104 08:23:44.090" level="INFO">Opening url 'http://localhost:7272/'</msg>
<status status="PASS" starttime="20221104 08:23:44.089" endtime="20221104 08:23:44.341"/>
</kw>
<kw name="Login Page Should Be Open" library="resource">
<kw name="Title Should Be" library="SeleniumLibrary">
<arg>Login Page</arg>
<doc>Verifies that the current page title equals ``title``.</doc>
<msg timestamp="20221104 08:23:44.355" level="INFO">Page title is 'Login Page'.</msg>
<status status="PASS" starttime="20221104 08:23:44.344" endtime="20221104 08:23:44.355"/>
</kw>
<status status="PASS" starttime="20221104 08:23:44.342" endtime="20221104 08:23:44.357"/>
</kw>
<status status="PASS" starttime="20221104 08:23:44.086" endtime="20221104 08:23:44.358"/>
</kw>
<kw name="Login With Invalid Credentials Should Fail">
<arg>${EMPTY}</arg>
<arg>${VALID PASSWORD}</arg>
<kw name="Input Username" library="resource">
<arg>${username}</arg>
<kw name="Input Text" library="SeleniumLibrary">
<arg>username_field</arg>
<arg>${username}</arg>
<doc>Types the given ``text`` into the text field identified by ``locator``.</doc>
<msg timestamp="20221104 08:23:44.377" level="INFO">Typing text '' into text field 'username_field'.</msg>
<status status="PASS" starttime="20221104 08:23:44.372" endtime="20221104 08:23:44.491"/>
</kw>
<status status="PASS" starttime="20221104 08:23:44.369" endtime="20221104 08:23:44.492"/>
</kw>
<kw name="Input Password" library="resource">
<arg>${password}</arg>
<kw name="Input Text" library="SeleniumLibrary">
<arg>password_field</arg>
<arg>${password}</arg>
<doc>Types the given ``text`` into the text field identified by ``locator``.</doc>
<msg timestamp="20221104 08:23:44.501" level="INFO">Typing text 'mode' into text field 'password_field'.</msg>
<status status="PASS" starttime="20221104 08:23:44.496" endtime="20221104 08:23:44.587"/>
</kw>
<status status="PASS" starttime="20221104 08:23:44.493" endtime="20221104 08:23:44.588"/>
</kw>
<kw name="Submit Credentials" library="resource">
<kw name="Click Button" library="SeleniumLibrary">
<arg>login_button</arg>
<doc>Clicks the button identified by ``locator``.</doc>
<msg timestamp="20221104 08:23:44.596" level="INFO">Clicking button 'login_button'.</msg>
<status status="PASS" starttime="20221104 08:23:44.592" endtime="20221104 08:23:44.872"/>
</kw>
<status status="PASS" starttime="20221104 08:23:44.589" endtime="20221104 08:23:44.873"/>
</kw>
<kw name="Login Should Have Failed">
<kw name="Location Should Be" library="SeleniumLibrary">
<arg>${ERROR URL}</arg>
<doc>Verifies that the current URL is exactly ``url``.</doc>
<msg timestamp="20221104 08:23:44.897" level="INFO">Current location is 'http://localhost:7272/error.html'.</msg>
<status status="PASS" starttime="20221104 08:23:44.876" endtime="20221104 08:23:44.898"/>
</kw>
<kw name="Title Should Be" library="SeleniumLibrary">
<arg>Error Page</arg>
<doc>Verifies that the current page title equals ``title``.</doc>
<msg timestamp="20221104 08:23:44.921" level="INFO">Page title is 'Error Page'.</msg>
<status status="PASS" starttime="20221104 08:23:44.899" endtime="20221104 08:23:44.922"/>
</kw>
<status status="PASS" starttime="20221104 08:23:44.874" endtime="20221104 08:23:44.923"/>
</kw>
<status status="PASS" starttime="20221104 08:23:44.359" endtime="20221104 08:23:44.924"/>
</kw>
<status status="PASS" starttime="20221104 08:23:44.083" endtime="20221104 08:23:44.927"/>
</test>
<test id="s1-s1-s2-t5" name="Empty Password" line="21">
<kw name="Go To Login Page" library="resource" type="SETUP">
<kw name="Go To" library="SeleniumLibrary">
<arg>${LOGIN URL}</arg>
<doc>Navigates the current browser window to the provided ``url``.</doc>
<msg timestamp="20221104 08:23:44.940" level="INFO">Opening url 'http://localhost:7272/'</msg>
<status status="PASS" starttime="20221104 08:23:44.937" endtime="20221104 08:23:45.113"/>
</kw>
<kw name="Login Page Should Be Open" library="resource">
<kw name="Title Should Be" library="SeleniumLibrary">
<arg>Login Page</arg>
<doc>Verifies that the current page title equals ``title``.</doc>
<msg timestamp="20221104 08:23:45.140" level="INFO">Page title is 'Login Page'.</msg>
<status status="PASS" starttime="20221104 08:23:45.120" endtime="20221104 08:23:45.141"/>
</kw>
<status status="PASS" starttime="20221104 08:23:45.118" endtime="20221104 08:23:45.142"/>
</kw>
<status status="PASS" starttime="20221104 08:23:44.935" endtime="20221104 08:23:45.143"/>
</kw>
<kw name="Login With Invalid Credentials Should Fail">
<arg>${VALID USER}</arg>
<arg>${EMPTY}</arg>
<kw name="Input Username" library="resource">
<arg>${username}</arg>
<kw name="Input Text" library="SeleniumLibrary">
<arg>username_field</arg>
<arg>${username}</arg>
<doc>Types the given ``text`` into the text field identified by ``locator``.</doc>
<msg timestamp="20221104 08:23:45.165" level="INFO">Typing text 'demo' into text field 'username_field'.</msg>
<status status="PASS" starttime="20221104 08:23:45.160" endtime="20221104 08:23:45.275"/>
</kw>
<status status="PASS" starttime="20221104 08:23:45.155" endtime="20221104 08:23:45.276"/>
</kw>
<kw name="Input Password" library="resource">
<arg>${password}</arg>
<kw name="Input Text" library="SeleniumLibrary">
<arg>password_field</arg>
<arg>${password}</arg>
<doc>Types the given ``text`` into the text field identified by ``locator``.</doc>
<msg timestamp="20221104 08:23:45.285" level="INFO">Typing text '' into text field 'password_field'.</msg>
<status status="PASS" starttime="20221104 08:23:45.280" endtime="20221104 08:23:45.432"/>
</kw>
<status status="PASS" starttime="20221104 08:23:45.277" endtime="20221104 08:23:45.433"/>
</kw>
<kw name="Submit Credentials" library="resource">
<kw name="Click Button" library="SeleniumLibrary">
<arg>login_button</arg>
<doc>Clicks the button identified by ``locator``.</doc>
<msg timestamp="20221104 08:23:45.439" level="INFO">Clicking button 'login_button'.</msg>
<status status="PASS" starttime="20221104 08:23:45.435" endtime="20221104 08:23:45.667"/>
</kw>
<status status="PASS" starttime="20221104 08:23:45.433" endtime="20221104 08:23:45.668"/>
</kw>
<kw name="Login Should Have Failed">
<kw name="Location Should Be" library="SeleniumLibrary">
<arg>${ERROR URL}</arg>
<doc>Verifies that the current URL is exactly ``url``.</doc>
<msg timestamp="20221104 08:23:45.691" level="INFO">Current location is 'http://localhost:7272/error.html'.</msg>
<status status="PASS" starttime="20221104 08:23:45.671" endtime="20221104 08:23:45.691"/>
</kw>
<kw name="Title Should Be" library="SeleniumLibrary">
<arg>Error Page</arg>
<doc>Verifies that the current page title equals ``title``.</doc>
<msg timestamp="20221104 08:23:45.702" level="INFO">Page title is 'Error Page'.</msg>
<status status="PASS" starttime="20221104 08:23:45.692" endtime="20221104 08:23:45.702"/>
</kw>
<status status="PASS" starttime="20221104 08:23:45.669" endtime="20221104 08:23:45.703"/>
</kw>
<status status="PASS" starttime="20221104 08:23:45.147" endtime="20221104 08:23:45.704"/>
</kw>
<status status="PASS" starttime="20221104 08:23:44.931" endtime="20221104 08:23:45.706"/>
</test>
<test id="s1-s1-s2-t6" name="Empty Username And Password" line="22">
<kw name="Go To Login Page" library="resource" type="SETUP">
<kw name="Go To" library="SeleniumLibrary">
<arg>${LOGIN URL}</arg>
<doc>Navigates the current browser window to the provided ``url``.</doc>
<msg timestamp="20221104 08:23:45.734" level="INFO">Opening url 'http://localhost:7272/'</msg>
<status status="PASS" starttime="20221104 08:23:45.732" endtime="20221104 08:23:45.888"/>
</kw>
<kw name="Login Page Should Be Open" library="resource">
<kw name="Title Should Be" library="SeleniumLibrary">
<arg>Login Page</arg>
<doc>Verifies that the current page title equals ``title``.</doc>
<msg timestamp="20221104 08:23:45.907" level="INFO">Page title is 'Login Page'.</msg>
<status status="PASS" starttime="20221104 08:23:45.892" endtime="20221104 08:23:45.908"/>
</kw>
<status status="PASS" starttime="20221104 08:23:45.890" endtime="20221104 08:23:45.909"/>
</kw>
<status status="PASS" starttime="20221104 08:23:45.730" endtime="20221104 08:23:45.910"/>
</kw>
<kw name="Login With Invalid Credentials Should Fail">
<arg>${EMPTY}</arg>
<arg>${EMPTY}</arg>
<kw name="Input Username" library="resource">
<arg>${username}</arg>
<kw name="Input Text" library="SeleniumLibrary">
<arg>username_field</arg>
<arg>${username}</arg>
<doc>Types the given ``text`` into the text field identified by ``locator``.</doc>
<msg timestamp="20221104 08:23:45.935" level="INFO">Typing text '' into text field 'username_field'.</msg>
<status status="PASS" starttime="20221104 08:23:45.930" endtime="20221104 08:23:46.014"/>
</kw>
<status status="PASS" starttime="20221104 08:23:45.927" endtime="20221104 08:23:46.015"/>
</kw>
<kw name="Input Password" library="resource">
<arg>${password}</arg>
<kw name="Input Text" library="SeleniumLibrary">
<arg>password_field</arg>
<arg>${password}</arg>
<doc>Types the given ``text`` into the text field identified by ``locator``.</doc>
<msg timestamp="20221104 08:23:46.023" level="INFO">Typing text '' into text field 'password_field'.</msg>
<status status="PASS" starttime="20221104 08:23:46.019" endtime="20221104 08:23:46.095"/>
</kw>
<status status="PASS" starttime="20221104 08:23:46.016" endtime="20221104 08:23:46.096"/>
</kw>
<kw name="Submit Credentials" library="resource">
<kw name="Click Button" library="SeleniumLibrary">
<arg>login_button</arg>
<doc>Clicks the button identified by ``locator``.</doc>
<msg timestamp="20221104 08:23:46.102" level="INFO">Clicking button 'login_button'.</msg>
<status status="PASS" starttime="20221104 08:23:46.099" endtime="20221104 08:23:46.311"/>
</kw>
<status status="PASS" starttime="20221104 08:23:46.097" endtime="20221104 08:23:46.312"/>
</kw>
<kw name="Login Should Have Failed">
<kw name="Location Should Be" library="SeleniumLibrary">
<arg>${ERROR URL}</arg>
<doc>Verifies that the current URL is exactly ``url``.</doc>
<msg timestamp="20221104 08:23:46.336" level="INFO">Current location is 'http://localhost:7272/error.html'.</msg>
<status status="PASS" starttime="20221104 08:23:46.315" endtime="20221104 08:23:46.336"/>
</kw>
<kw name="Title Should Be" library="SeleniumLibrary">
<arg>Error Page</arg>
<doc>Verifies that the current page title equals ``title``.</doc>
<msg timestamp="20221104 08:23:46.346" level="INFO">Page title is 'Error Page'.</msg>
<status status="PASS" starttime="20221104 08:23:46.337" endtime="20221104 08:23:46.347"/>
</kw>
<status status="PASS" starttime="20221104 08:23:46.313" endtime="20221104 08:23:46.348"/>
</kw>
<status status="PASS" starttime="20221104 08:23:45.911" endtime="20221104 08:23:46.349"/>
</kw>
<status status="PASS" starttime="20221104 08:23:45.725" endtime="20221104 08:23:46.351"/>
</test>
<kw name="Close Browser Window" type="TEARDOWN">
<msg timestamp="20221104 08:23:46.400" level="FAIL">No keyword with name 'Close Browser Window' found. Did you try using keyword 'SeleniumLibrary.Close Browser' and forgot to use enough whitespace between keyword and arguments?</msg>
<status status="FAIL" starttime="20221104 08:23:46.399" endtime="20221104 08:23:46.400">No keyword with name 'Close Browser Window' found. Did you try using keyword 'SeleniumLibrary.Close Browser' and forgot to use enough whitespace between keyword and arguments?</status>
</kw>
<doc>A test suite containing tests related to invalid login.

These tests are data-driven by their nature. They use a single
keyword, specified with Test Template setting, that is called
with different arguments to cover different scenarios.

This suite also demonstrates using setups and teardowns in
different levels.</doc>
<status status="FAIL" starttime="20221104 08:23:15.569" endtime="20221104 08:23:46.401">Suite teardown failed:
No keyword with name 'Close Browser Window' found. Did you try using keyword 'SeleniumLibrary.Close Browser' and forgot to use enough whitespace between keyword and arguments?</status>
</suite>
<suite id="s1-s1-s3" name="Valid Login" source="/src/login_tests/valid_login.robot">
<test id="s1-s1-s3-t1" name="Valid Login" line="9">
<kw name="Open Browser To Login Page" library="resource">
<kw name="Start Virtual Display" library="XvfbRobot">
<arg>1920</arg>
<arg>1080</arg>
<doc>Starts virtual display which will be
 destroyed after test execution will be end</doc>
<status status="PASS" starttime="20221104 08:23:46.459" endtime="20221104 08:23:46.460"/>
</kw>
<kw name="Wait Until Keyword Succeeds" library="BuiltIn">
<arg>3</arg>
<arg>2</arg>
<arg>Open Browser</arg>
<arg>${LOGIN URL}</arg>
<arg>${BROWSER}</arg>
<doc>Runs the specified keyword and retries if it fails.</doc>
<kw name="Open Browser" library="SeleniumLibrary">
<arg>${LOGIN URL}</arg>
<arg>${BROWSER}</arg>
<doc>Opens a new browser instance to the optional ``url``.</doc>
<msg timestamp="20221104 08:23:46.468" level="INFO">Opening browser 'Firefox' to base url 'http://localhost:7272/'.</msg>
<msg timestamp="20221104 08:23:46.478" level="INFO">Firefox driver log is always forced to to: /output/geckodriver-127.log</msg>
<status status="PASS" starttime="20221104 08:23:46.463" endtime="20221104 08:24:05.579"/>
</kw>
<status status="PASS" starttime="20221104 08:23:46.461" endtime="20221104 08:24:05.582"/>
</kw>
<kw name="Maximize Browser Window" library="SeleniumLibrary">
<doc>Maximizes current browser window.</doc>
<status status="PASS" starttime="20221104 08:24:05.585" endtime="20221104 08:24:10.667"/>
</kw>
<kw name="Capture Page Screenshot" library="SeleniumLibrary">
<doc>Takes a screenshot of the current page and embeds it into a log file.</doc>
<msg timestamp="20221104 08:24:10.944" level="INFO" html="true">&lt;/td&gt;&lt;/tr&gt;&lt;tr&gt;&lt;td colspan="3"&gt;&lt;a href="selenium-screenshot-24.png"&gt;&lt;img src="selenium-screenshot-24.png" width="800px"&gt;&lt;/a&gt;</msg>
<status status="PASS" starttime="20221104 08:24:10.668" endtime="20221104 08:24:10.945"/>
</kw>
<kw name="Login Page Should Be Open" library="resource">
<kw name="Title Should Be" library="SeleniumLibrary">
<arg>Login Page</arg>
<doc>Verifies that the current page title equals ``title``.</doc>
<msg timestamp="20221104 08:24:10.968" level="INFO">Page title is 'Login Page'.</msg>
<status status="PASS" starttime="20221104 08:24:10.950" endtime="20221104 08:24:10.969"/>
</kw>
<status status="PASS" starttime="20221104 08:24:10.946" endtime="20221104 08:24:10.970"/>
</kw>
<status status="PASS" starttime="20221104 08:23:46.457" endtime="20221104 08:24:10.971"/>
</kw>
<kw name="Input Username" library="resource">
<arg>demo</arg>
<kw name="Input Text" library="SeleniumLibrary">
<arg>username_field</arg>
<arg>${username}</arg>
<doc>Types the given ``text`` into the text field identified by ``locator``.</doc>
<msg timestamp="20221104 08:24:10.981" level="INFO">Typing text 'demo' into text field 'username_field'.</msg>
<status status="PASS" starttime="20221104 08:24:10.976" endtime="20221104 08:24:11.443"/>
</kw>
<status status="PASS" starttime="20221104 08:24:10.973" endtime="20221104 08:24:11.445"/>
</kw>
<kw name="Input Password" library="resource">
<arg>mode</arg>
<kw name="Input Text" library="SeleniumLibrary">
<arg>password_field</arg>
<arg>${password}</arg>
<doc>Types the given ``text`` into the text field identified by ``locator``.</doc>
<msg timestamp="20221104 08:24:11.453" level="INFO">Typing text 'mode' into text field 'password_field'.</msg>
<status status="PASS" starttime="20221104 08:24:11.448" endtime="20221104 08:24:11.606"/>
</kw>
<status status="PASS" starttime="20221104 08:24:11.446" endtime="20221104 08:24:11.607"/>
</kw>
<kw name="Submit Credentials" library="resource">
<kw name="Click Button" library="SeleniumLibrary">
<arg>login_button</arg>
<doc>Clicks the button identified by ``locator``.</doc>
<msg timestamp="20221104 08:24:11.616" level="INFO">Clicking button 'login_button'.</msg>
<status status="PASS" starttime="20221104 08:24:11.612" endtime="20221104 08:24:12.147"/>
</kw>
<status status="PASS" starttime="20221104 08:24:11.609" endtime="20221104 08:24:12.148"/>
</kw>
<kw name="Welcome Page Should Be Open" library="resource">
<kw name="Location Should Be" library="SeleniumLibrary">
<arg>${WELCOME URL}</arg>
<doc>Verifies that the current URL is exactly ``url``.</doc>
<msg timestamp="20221104 08:24:12.170" level="INFO">Current location is 'http://localhost:7272/welcome.html'.</msg>
<status status="PASS" starttime="20221104 08:24:12.153" endtime="20221104 08:24:12.171"/>
</kw>
<kw name="Title Should Be" library="SeleniumLibrary">
<arg>Welcome Page</arg>
<doc>Verifies that the current page title equals ``title``.</doc>
<msg timestamp="20221104 08:24:12.198" level="INFO">Page title is 'Welcome Page'.</msg>
<status status="PASS" starttime="20221104 08:24:12.172" endtime="20221104 08:24:12.199"/>
</kw>
<status status="PASS" starttime="20221104 08:24:12.151" endtime="20221104 08:24:12.200"/>
</kw>
<kw name="Close Browser Window" type="TEARDOWN">
<msg timestamp="20221104 08:24:12.250" level="FAIL">No keyword with name 'Close Browser Window' found. Did you try using keyword 'SeleniumLibrary.Close Browser' and forgot to use enough whitespace between keyword and arguments?</msg>
<status status="FAIL" starttime="20221104 08:24:12.249" endtime="20221104 08:24:12.251">No keyword with name 'Close Browser Window' found. Did you try using keyword 'SeleniumLibrary.Close Browser' and forgot to use enough whitespace between keyword and arguments?</status>
</kw>
<status status="FAIL" starttime="20221104 08:23:46.454" endtime="20221104 08:24:12.252">Teardown failed:
No keyword with name 'Close Browser Window' found. Did you try using keyword 'SeleniumLibrary.Close Browser' and forgot to use enough whitespace between keyword and arguments?</status>
</test>
<doc>A test suite with a single test for valid login.

This test has a workflow that is created using keywords in
the imported resource file.</doc>
<status status="FAIL" starttime="20221104 08:23:46.418" endtime="20221104 08:24:12.258"/>
</suite>
<status status="FAIL" starttime="20221104 08:22:48.740" endtime="20221104 08:24:12.271"/>
</suite>
<suite id="s1-s2" name="Test" source="/src/test.robot">
<test id="s1-s2-t1" name="Test Robot Framework Logging" line="4">
<kw name="Log" library="BuiltIn">
<arg>"Test Logging"</arg>
<doc>Logs the given message with the given level.</doc>
<msg timestamp="20221104 08:24:12.312" level="INFO">"Test Logging"</msg>
<status status="PASS" starttime="20221104 08:24:12.310" endtime="20221104 08:24:12.312"/>
</kw>
<status status="PASS" starttime="20221104 08:24:12.306" endtime="20221104 08:24:12.314"/>
</test>
<status status="PASS" starttime="20221104 08:24:12.281" endtime="20221104 08:24:12.317"/>
</suite>
<status status="FAIL" starttime="20221104 08:22:48.583" endtime="20221104 08:24:12.325"/>
</suite>
<statistics>
<total>
<stat pass="1" fail="8" skip="0">All Tests</stat>
</total>
<tag>
</tag>
<suite>
<stat pass="1" fail="8" skip="0" id="s1" name="Src">Src</stat>
<stat pass="0" fail="8" skip="0" id="s1-s1" name="Login Tests">Src.Login Tests</stat>
<stat pass="0" fail="1" skip="0" id="s1-s1-s1" name="Gherkin Login">Src.Login Tests.Gherkin Login</stat>
<stat pass="0" fail="6" skip="0" id="s1-s1-s2" name="Invalid Login">Src.Login Tests.Invalid Login</stat>
<stat pass="0" fail="1" skip="0" id="s1-s1-s3" name="Valid Login">Src.Login Tests.Valid Login</stat>
<stat pass="1" fail="0" skip="0" id="s1-s2" name="Test">Src.Test</stat>
</suite>
</statistics>
<errors>
</errors>
</robot>
